[    0.000000] Initializing cgroup subsys cpuset
[    0.000000] Initializing cgroup subsys cpu
[    0.000000] Initializing cgroup subsys cpuacct
[    0.000000] Linux version 4.4.0-194-generic (buildd@lcy01-amd64-020) (gcc version 5.4.0 20160609 (Ubuntu 5.4.0-6ubuntu1~16.04.12) ) #226-Ubuntu SMP Wed Oct 21 10:19:36 UTC 2020 (Ubuntu 4.4.0-194.226-generic 4.4.236)
[    0.000000] Command line: BOOT_IMAGE=/boot/vmlinuz-4.4.0-194-generic root=LABEL=cloudimg-rootfs ro console=tty1 console=ttyS0
[    0.000000] KERNEL supported cpus:
[    0.000000]   Intel GenuineIntel
[    0.000000]   AMD AuthenticAMD
[    0.000000]   Centaur CentaurHauls
[    0.000000] x86/fpu: Legacy x87 FPU detected.
[    0.000000] e820: BIOS-provided physical RAM map:
[    0.000000] BIOS-e820: [mem 0x0000000000000000-0x000000000009fbff] usable
[    0.000000] BIOS-e820: [mem 0x000000000009fc00-0x000000000009ffff] reserved
[    0.000000] BIOS-e820: [mem 0x00000000000f0000-0x00000000000fffff] reserved
[    0.000000] BIOS-e820: [mem 0x0000000000100000-0x000000003ffeffff] usable
[    0.000000] BIOS-e820: [mem 0x000000003fff0000-0x000000003fffffff] ACPI data
[    0.000000] BIOS-e820: [mem 0x00000000fec00000-0x00000000fec00fff] reserved
[    0.000000] BIOS-e820: [mem 0x00000000fee00000-0x00000000fee00fff] reserved
[    0.000000] BIOS-e820: [mem 0x00000000fffc0000-0x00000000ffffffff] reserved
[    0.000000] NX (Execute Disable) protection: active
[    0.000000] SMBIOS 2.5 present.
[    0.000000] Hypervisor detected: KVM
[    0.000000] e820: last_pfn = 0x3fff0 max_arch_pfn = 0x400000000
[    0.000000] MTRR: Disabled
[    0.000000] x86/PAT: MTRRs disabled, skipping PAT initialization too.
[    0.000000] CPU MTRRs all blank - virtualized system.
[    0.000000] x86/PAT: Configuration [0-7]: WB  WT  UC- UC  WB  WT  UC- UC  
[    0.000000] found SMP MP-table at [mem 0x0009fff0-0x0009ffff] mapped at [ffff88000009fff0]
[    0.000000] Scanning 1 areas for low memory corruption
[    0.000000] RAMDISK: [mem 0x362e0000-0x37167fff]
[    0.000000] ACPI: Early table checksum verification disabled
[    0.000000] ACPI: RSDP 0x00000000000E0000 000024 (v02 VBOX  )
[    0.000000] ACPI: XSDT 0x000000003FFF0030 00003C (v01 VBOX   VBOXXSDT 00000001 ASL  00000061)
[    0.000000] ACPI: FACP 0x000000003FFF00F0 0000F4 (v04 VBOX   VBOXFACP 00000001 ASL  00000061)
[    0.000000] ACPI: DSDT 0x000000003FFF0470 002325 (v02 VBOX   VBOXBIOS 00000002 INTL 20100528)
[    0.000000] ACPI: FACS 0x000000003FFF0200 000040
[    0.000000] ACPI: FACS 0x000000003FFF0200 000040
[    0.000000] ACPI: APIC 0x000000003FFF0240 00005C (v02 VBOX   VBOXAPIC 00000001 ASL  00000061)
[    0.000000] ACPI: SSDT 0x000000003FFF02A0 0001CC (v01 VBOX   VBOXCPUT 00000002 INTL 20100528)
[    0.000000] No NUMA configuration found
[    0.000000] Faking a node at [mem 0x0000000000000000-0x000000003ffeffff]
[    0.000000] NODE_DATA(0) allocated [mem 0x3ffeb000-0x3ffeffff]
[    0.000000] kvm-clock: Using msrs 4b564d01 and 4b564d00
[    0.000000] kvm-clock: cpu 0, msr 0:3ffe3001, primary cpu clock
[    0.000000] kvm-clock: using sched offset of 4297956945 cycles
[    0.000000] clocksource: kvm-clock: mask: 0xffffffffffffffff max_cycles: 0x1cd42e4dffb, max_idle_ns: 881590591483 ns
[    0.000000] Zone ranges:
[    0.000000]   DMA      [mem 0x0000000000001000-0x0000000000ffffff]
[    0.000000]   DMA32    [mem 0x0000000001000000-0x000000003ffeffff]
[    0.000000]   Normal   empty
[    0.000000]   Device   empty
[    0.000000] Movable zone start for each node
[    0.000000] Early memory node ranges
[    0.000000]   node   0: [mem 0x0000000000001000-0x000000000009efff]
[    0.000000]   node   0: [mem 0x0000000000100000-0x000000003ffeffff]
[    0.000000] Initmem setup node 0 [mem 0x0000000000001000-0x000000003ffeffff]
[    0.000000] ACPI: PM-Timer IO Port: 0x4008
[    0.000000] IOAPIC[0]: apic_id 2, version 32, address 0xfec00000, GSI 0-23
[    0.000000] ACPI: INT_SRC_OVR (bus 0 bus_irq 0 global_irq 2 dfl dfl)
[    0.000000] ACPI: INT_SRC_OVR (bus 0 bus_irq 9 global_irq 9 low level)
[    0.000000] Using ACPI (MADT) for SMP configuration information
[    0.000000] smpboot: Allowing 2 CPUs, 0 hotplug CPUs
[    0.000000] PM: Registered nosave memory: [mem 0x00000000-0x00000fff]
[    0.000000] PM: Registered nosave memory: [mem 0x0009f000-0x0009ffff]
[    0.000000] PM: Registered nosave memory: [mem 0x000a0000-0x000effff]
[    0.000000] PM: Registered nosave memory: [mem 0x000f0000-0x000fffff]
[    0.000000] e820: [mem 0x40000000-0xfebfffff] available for PCI devices
[    0.000000] Booting paravirtualized kernel on KVM
[    0.000000] clocksource: refined-jiffies: mask: 0xffffffff max_cycles: 0xffffffff, max_idle_ns: 7645519600211568 ns
[    0.000000] setup_percpu: NR_CPUS:512 nr_cpumask_bits:512 nr_cpu_ids:2 nr_node_ids:1
[    0.000000] PERCPU: Embedded 33 pages/cpu @ffff88003fc00000 s95512 r8192 d31464 u1048576
[    0.000000] Built 1 zonelists in Node order, mobility grouping on.  Total pages: 257912
[    0.000000] Policy zone: DMA32
[    0.000000] Kernel command line: BOOT_IMAGE=/boot/vmlinuz-4.4.0-194-generic root=LABEL=cloudimg-rootfs ro console=tty1 console=ttyS0
[    0.000000] PID hash table entries: 4096 (order: 3, 32768 bytes)
[    0.000000] Memory: 997664K/1048120K available (8640K kernel code, 1337K rwdata, 4040K rodata, 1492K init, 1296K bss, 50456K reserved, 0K cma-reserved)
[    0.000000] SLUB: HWalign=64, Order=0-3, MinObjects=0, CPUs=2, Nodes=1
[    0.000000] Kernel/User page tables isolation: enabled
[    0.000000] Hierarchical RCU implementation.
[    0.000000] 	Build-time adjustment of leaf fanout to 64.
[    0.000000] 	RCU restricting CPUs from NR_CPUS=512 to nr_cpu_ids=2.
[    0.000000] RCU: Adjusting geometry for rcu_fanout_leaf=64, nr_cpu_ids=2
[    0.000000] NR_IRQS:33024 nr_irqs:440 16
[    0.000000] Console: colour VGA+ 80x25
[    0.000000] console [tty1] enabled
[    0.000000] console [ttyS0] enabled
[    0.000000] tsc: Detected 3696.010 MHz processor
[    0.423444] Calibrating delay loop (skipped) preset value.. 7392.02 BogoMIPS (lpj=14784040)
[    0.428886] pid_max: default: 32768 minimum: 301
[    0.431583] ACPI: Core revision 20150930
[    0.434715] ACPI: 2 ACPI AML tables successfully acquired and loaded
[    0.439006] Security Framework initialized
[    0.441686] Yama: becoming mindful.
[    0.443899] AppArmor: AppArmor initialized
[    0.446366] Dentry cache hash table entries: 131072 (order: 8, 1048576 bytes)
[    0.453413] Inode-cache hash table entries: 65536 (order: 7, 524288 bytes)
[    0.459615] Mount-cache hash table entries: 2048 (order: 2, 16384 bytes)
[    0.463495] Mountpoint-cache hash table entries: 2048 (order: 2, 16384 bytes)
[    0.471260] Initializing cgroup subsys io
[    0.473919] Initializing cgroup subsys memory
[    0.476872] Initializing cgroup subsys devices
[    0.479586] Initializing cgroup subsys freezer
[    0.482274] Initializing cgroup subsys net_cls
[    0.484851] Initializing cgroup subsys perf_event
[    0.488800] Initializing cgroup subsys net_prio
[    0.492403] Initializing cgroup subsys hugetlb
[    0.495753] Initializing cgroup subsys pids
[    0.499303] mce: CPU supports 0 MCE banks
[    0.501933] Last level iTLB entries: 4KB 64, 2MB 8, 4MB 8
[    0.505336] Last level dTLB entries: 4KB 64, 2MB 0, 4MB 0, 1GB 4
[    0.509434] Spectre V1 : Mitigation: usercopy/swapgs barriers and __user pointer sanitization
[    0.514319] Spectre V2 : Mitigation: Full generic retpoline
[    0.517883] Spectre V2 : Spectre v2 / SpectreRSB mitigation: Filling RSB on context switch
[    0.524167] Speculative Store Bypass: Vulnerable
[    0.527806] MDS: Mitigation: Clear CPU buffers
[    0.547682] Freeing SMP alternatives memory: 36K
[    0.587020] ftrace: allocating 32346 entries in 127 pages
[    1.055605] smpboot: APIC(0) Converting physical 0 to logical package 0
[    1.060671] smpboot: Max logical packages: 1
[    1.076834] ..TIMER: vector=0x30 apic1=0 pin1=2 apic2=-1 pin2=-1
[    1.189785] smpboot: CPU0: Intel(R) Core(TM) i7-8700K CPU @ 3.70GHz (family: 0x6, model: 0x9e, stepping: 0xa)
[    1.197748] Performance Events: unsupported p6 CPU model 158 no PMU driver, software events only.
[    1.244549] KVM setup paravirtual spinlock
[    1.248874] x86: Booting SMP configuration:
[    1.251163] .... node  #0, CPUs:      #1
[    1.254612] kvm-clock: cpu 1, msr 0:3ffe3041, secondary cpu clock
[    1.257486] mce: CPU supports 0 MCE banks
[    1.260818] TSC synchronization [CPU#0 -> CPU#1]:
[    1.263523] Measured 66988 cycles TSC warp between CPUs, turning off TSC clock.
[    1.267420] tsc: Marking TSC unstable due to check_tsc_sync_source failed
[    0.360437] x86: Booted up 1 node, 2 CPUs
[    0.362780] smpboot: Total of 2 processors activated (14784.04 BogoMIPS)
[    0.369701] devtmpfs: initialized
[    0.373533] evm: security.selinux
[    0.376010] evm: security.SMACK64
[    0.378395] evm: security.SMACK64EXEC
[    0.380004] evm: security.SMACK64TRANSMUTE
[    0.382279] evm: security.SMACK64MMAP
[    0.384002] evm: security.ima
[    0.385748] evm: security.capability
[    0.388326] clocksource: jiffies: mask: 0xffffffff max_cycles: 0xffffffff, max_idle_ns: 7645041785100000 ns
[    0.392122] futex hash table entries: 512 (order: 3, 32768 bytes)
[    0.396338] pinctrl core: initialized pinctrl subsystem
[    0.400102] RTC time:  9:05:23, date: 11/24/20
[    0.404159] NET: Registered protocol family 16
[    0.416007] cpuidle: using governor ladder
[    0.428007] cpuidle: using governor menu
[    0.430245] PCCT header not found.
[    0.432155] ACPI: bus type PCI registered
[    0.434419] acpiphp: ACPI Hot Plug PCI Controller Driver version: 0.5
[    0.436305] PCI: Using configuration type 1 for base access
[    0.464288] ACPI: Added _OSI(Module Device)
[    0.466747] ACPI: Added _OSI(Processor Device)
[    0.468003] ACPI: Added _OSI(3.0 _SCP Extensions)
[    0.472004] ACPI: Added _OSI(Processor Aggregator Device)
[    0.477012] ACPI: Executed 1 blocks of module-level executable AML code
[    0.485591] ACPI: Interpreter enabled
[    0.487675] ACPI: (supports S0 S5)
[    0.488003] ACPI: Using IOAPIC for interrupt routing
[    0.492271] PCI: Using host bridge windows from ACPI; if necessary, use "pci=nocrs" and report a bug
[    0.503793] ACPI: PCI Root Bridge [PCI0] (domain 0000 [bus 00-ff])
[    0.504011] acpi PNP0A03:00: _OSC: OS supports [ASPM ClockPM Segments MSI]
[    0.508502] acpi PNP0A03:00: _OSC: not requesting OS control; OS requires [ExtendedConfig ASPM ClockPM MSI]
[    0.512013] acpi PNP0A03:00: fail to add MMCONFIG information, can't access extended PCI configuration space under this bridge.
[    0.516435] PCI host bridge to bus 0000:00
[    0.518990] pci_bus 0000:00: root bus resource [io  0x0000-0x0cf7 window]
[    0.520007] pci_bus 0000:00: root bus resource [io  0x0d00-0xffff window]
[    0.524005] pci_bus 0000:00: root bus resource [mem 0x000a0000-0x000bffff window]
[    0.528007] pci_bus 0000:00: root bus resource [mem 0x40000000-0xfdffffff window]
[    0.532007] pci_bus 0000:00: root bus resource [bus 00-ff]
[    0.540032] pci 0000:00:01.1: legacy IDE quirk: reg 0x10: [io  0x01f0-0x01f7]
[    0.543732] pci 0000:00:01.1: legacy IDE quirk: reg 0x14: [io  0x03f6]
[    0.548007] pci 0000:00:01.1: legacy IDE quirk: reg 0x18: [io  0x0170-0x0177]
[    0.552006] pci 0000:00:01.1: legacy IDE quirk: reg 0x1c: [io  0x0376]
[    0.601380] pci 0000:00:07.0: quirk: [io  0x4000-0x403f] claimed by PIIX4 ACPI
[    0.604025] pci 0000:00:07.0: quirk: [io  0x4100-0x410f] claimed by PIIX4 SMB
[    0.613589] ACPI: PCI Interrupt Link [LNKA] (IRQs 5 9 10 *11)
[    0.620295] ACPI: PCI Interrupt Link [LNKB] (IRQs 5 9 *10 11)
[    0.628757] ACPI: PCI Interrupt Link [LNKC] (IRQs 5 *9 10 11)
[    0.633389] ACPI: PCI Interrupt Link [LNKD] (IRQs 5 9 10 *11)
[    0.638126] ACPI: Enabled 2 GPEs in block 00 to 07
[    0.640299] vgaarb: setting as boot device: PCI:0000:00:02.0
[    0.643442] vgaarb: device added: PCI:0000:00:02.0,decodes=io+mem,owns=io+mem,locks=none
[    0.644004] vgaarb: loaded
[    0.645894] vgaarb: bridge control possible 0000:00:02.0
[    0.648406] SCSI subsystem initialized
[    0.652268] ACPI: bus type USB registered
[    0.656032] usbcore: registered new interface driver usbfs
[    0.660010] usbcore: registered new interface driver hub
[    0.664116] usbcore: registered new device driver usb
[    0.668597] PCI: Using ACPI for IRQ routing
[    0.672546] NetLabel: Initializing
[    0.676001] NetLabel:  domain hash size = 128
[    0.678779] NetLabel:  protocols = UNLABELED CIPSOv4
[    0.680020] NetLabel:  unlabeled traffic allowed by default
[    0.684149] amd_nb: Cannot enumerate AMD northbridges
[    0.688314] clocksource: Switched to clocksource kvm-clock
[    0.721120] AppArmor: AppArmor Filesystem Enabled
[    0.724002] pnp: PnP ACPI init
[    0.724652] pnp: PnP ACPI: found 3 devices
[    0.762927] clocksource: acpi_pm: mask: 0xffffff max_cycles: 0xffffff, max_idle_ns: 2085701024 ns
[    0.764425] NET: Registered protocol family 2
[    0.772078] TCP established hash table entries: 8192 (order: 4, 65536 bytes)
[    0.776005] TCP bind hash table entries: 8192 (order: 5, 131072 bytes)
[    0.776005] TCP: Hash tables configured (established 8192 bind 8192)
[    0.776005] UDP hash table entries: 512 (order: 2, 16384 bytes)
[    0.776005] UDP-Lite hash table entries: 512 (order: 2, 16384 bytes)
[    0.776005] NET: Registered protocol family 1
[    0.776005] pci 0000:00:00.0: Limiting direct PCI/PCI transfers
[    0.776005] pci 0000:00:01.0: Activating ISA DMA hang workarounds
[    0.776005] Unpacking initramfs...
[    0.776005] Freeing initrd memory: 14880K
[    0.776005] clocksource: tsc: mask: 0xffffffffffffffff max_cycles: 0x6a8d38b1514, max_idle_ns: 881590632300 ns
[    0.776005] platform rtc_cmos: registered platform RTC device (no PNP device found)
[    0.776005] Scanning for low memory corruption every 60 seconds
[    1.131357] audit: initializing netlink subsys (disabled)
[    1.136200] audit: type=2000 audit(1606208729.530:1): initialized
[    1.141591] Initialise system trusted keyring
[    1.146330] HugeTLB registered 2 MB page size, pre-allocated 0 pages
[    1.151594] zbud: loaded
[    1.153966] VFS: Disk quotas dquot_6.6.0
[    1.156450] VFS: Dquot-cache hash table entries: 512 (order 0, 4096 bytes)
[    1.160288] squashfs: version 4.0 (2009/01/31) Phillip Lougher
[    1.165461] fuse init (API version 7.23)
[    1.168606] Key type big_key registered
[    1.170792] Allocating IMA MOK and blacklist keyrings.
[    1.182256] Key type asymmetric registered
[    1.185357] Asymmetric key parser 'x509' registered
[    1.188182] Block layer SCSI generic (bsg) driver version 0.4 loaded (major 249)
[    1.193665] io scheduler noop registered
[    1.196201] io scheduler deadline registered (default)
[    1.199401] io scheduler cfq registered
[    1.201937] pci_hotplug: PCI Hot Plug PCI Core version: 0.5
[    1.205071] pciehp: PCI Express Hot Plug Controller Driver version: 0.4
[    1.209065] ACPI: AC Adapter [AC] (on-line)
[    1.211560] input: Power Button as /devices/LNXSYSTM:00/LNXPWRBN:00/input/input0
[    1.216989] ACPI: Power Button [PWRF]
[    1.219260] input: Sleep Button as /devices/LNXSYSTM:00/LNXSLPBN:00/input/input1
[    1.224160] ACPI: Sleep Button [SLPF]
[    1.227005] GHES: HEST is not enabled!
[    1.229754] Serial: 8250/16550 driver, 32 ports, IRQ sharing enabled
[    1.256473] 00:02: ttyS0 at I/O 0x3f8 (irq = 4, base_baud = 115200) is a 16550A
[    1.276434] Linux agpgart interface v0.103
[    1.288267] loop: module loaded
[    1.292068] scsi host0: ata_piix
[    1.294681] scsi host1: ata_piix
[    1.296901] ata1: PATA max UDMA/33 cmd 0x1f0 ctl 0x3f6 bmdma 0xd000 irq 14
[    1.300973] ata2: PATA max UDMA/33 cmd 0x170 ctl 0x376 bmdma 0xd008 irq 15
[    1.304814] libphy: Fixed MDIO Bus: probed
[    1.307799] tun: Universal TUN/TAP device driver, 1.6
[    1.311339] tun: (C) 1999-2004 Max Krasnyansky <maxk@qualcomm.com>
[    1.315500] PPP generic driver version 2.4.2
[    1.318483] ehci_hcd: USB 2.0 'Enhanced' Host Controller (EHCI) Driver
[    1.322233] ehci-pci: EHCI PCI platform driver
[    1.324970] ehci-platform: EHCI generic platform driver
[    1.327871] ohci_hcd: USB 1.1 'Open' Host Controller (OHCI) Driver
[    1.332374] ohci-pci: OHCI PCI platform driver
[    1.334972] ohci-platform: OHCI generic platform driver
[    1.338114] uhci_hcd: USB Universal Host Controller Interface driver
[    1.341805] i8042: PNP: PS/2 Controller [PNP0303:PS2K,PNP0f03:PS2M] at 0x60,0x64 irq 1,12
[    1.349122] serio: i8042 KBD port at 0x60,0x64 irq 1
[    1.352105] serio: i8042 AUX port at 0x60,0x64 irq 12
[    1.355594] mousedev: PS/2 mouse device common for all mice
[    1.361550] rtc_cmos rtc_cmos: rtc core: registered rtc_cmos as rtc0
[    1.367255] rtc_cmos rtc_cmos: alarms up to one day, 114 bytes nvram
[    1.371798] input: AT Translated Set 2 keyboard as /devices/platform/i8042/serio0/input/input2
[    1.376678] i2c /dev entries driver
[    1.376792] device-mapper: uevent: version 1.0.3
[    1.376862] device-mapper: ioctl: 4.34.0-ioctl (2015-10-28) initialised: dm-devel@redhat.com
[    1.376875] ledtrig-cpu: registered to indicate activity on CPUs
[    1.377766] NET: Registered protocol family 10
[    1.377909] NET: Registered protocol family 17
[    1.377915] Key type dns_resolver registered
[    1.378194] registered taskstats version 1
[    1.378207] Loading compiled-in X.509 certificates
[    1.378579] Loaded X.509 cert 'Build time autogenerated kernel key: 12717d7bded22cc9f4c9021cf049cb5c0a2cb7b0'
[    1.378591] zswap: loaded using pool lzo/zbud
[    1.380267] Key type trusted registered
[    1.382502] Key type encrypted registered
[    1.382511] AppArmor: AppArmor sha1 policy hashing enabled
[    1.382513] ima: No TPM chip found, activating TPM-bypass!
[    1.382518] ima: Allocated hash algorithm: sha1
[    1.382588] evm: HMAC attrs: 0x1
[    1.382987]   Magic number: 12:301:71
[    1.389032] rtc_cmos rtc_cmos: setting system clock to 2020-11-24 09:05:24 UTC (1606208724)
[    1.389109] BIOS EDD facility v0.16 2004-Jun-25, 0 devices found
[    1.389109] EDD information not available.
[    1.507790] Freeing unused kernel memory: 1492K
[    1.513071] Write protecting the kernel read-only data: 14336k
[    1.519551] Freeing unused kernel memory: 1588K
[    1.525012] Freeing unused kernel memory: 56K
Loading, please wait...
starting version 229
[    1.546282] random: udevadm: uninitialized urandom read (16 bytes read, 5 bits of entropy available)
[    1.546379] random: systemd-udevd: uninitialized urandom read (16 bytes read, 5 bits of entropy available)
[    1.546429] random: systemd-udevd: uninitialized urandom read (16 bytes read, 5 bits of entropy available)
[    1.546436] random: systemd-udevd: uninitialized urandom read (16 bytes read, 5 bits of entropy available)
[    1.546444] random: systemd-udevd: uninitialized urandom read (16 bytes read, 5 bits of entropy available)
[    1.574887] random: udevadm: uninitialized urandom read (16 bytes read, 5 bits of entropy available)
[    1.588175] random: systemd-udevd: uninitialized urandom read (16 bytes read, 5 bits of entropy available)
[    1.590035] random: udevadm: uninitialized urandom read (16 bytes read, 5 bits of entropy available)
[    1.590062] random: udevadm: uninitialized urandom read (16 bytes read, 5 bits of entropy available)
[    1.590184] random: udevadm: uninitialized urandom read (16 bytes read, 5 bits of entropy available)
[    1.657194] Fusion MPT base driver 3.04.20
[    1.660188] Copyright (c) 1999-2008 LSI Corporation
[    1.667783] e1000: Intel(R) PRO/1000 Network Driver - version 7.3.21-k8-NAPI
[    1.673027] e1000: Copyright (c) 1999-2006 Intel Corporation.
[    1.688002] Fusion MPT SPI Host driver 3.04.20
[    2.436945] input: ImExPS/2 Generic Explorer Mouse as /devices/platform/i8042/serio1/input/input4
[    2.460660] e1000 0000:00:03.0 eth0: (PCI:33MHz:32-bit) 02:e0:65:d0:24:0e
[    2.464510] e1000 0000:00:03.0 eth0: Intel(R) PRO/1000 Network Connection
[    2.470132] mptbase: ioc0: Initiating bringup
[    2.470826] e1000 0000:00:03.0 enp0s3: renamed from eth0
[    2.557058] ioc0: LSI53C1030 A0: Capabilities={Initiator}
[    3.611179] scsi host2: ioc0: LSI53C1030 A0, FwRev=00000000h, Ports=1, MaxQ=256, IRQ=20
[    3.755359] scsi 2:0:0:0: Direct-Access     VBOX     HARDDISK         1.0  PQ: 0 ANSI: 5
[    3.761187] scsi target2:0:0: Beginning Domain Validation
[    3.768858] scsi target2:0:0: Domain Validation skipping write tests
[    3.772556] scsi target2:0:0: Ending Domain Validation
[    3.775679] scsi target2:0:0: asynchronous
[    3.780873] scsi 2:0:1:0: Direct-Access     VBOX     HARDDISK         1.0  PQ: 0 ANSI: 5
[    3.786233] scsi target2:0:1: Beginning Domain Validation
[    3.793616] scsi target2:0:1: Domain Validation skipping write tests
[    3.797352] scsi target2:0:1: Ending Domain Validation
[    3.800644] scsi target2:0:1: asynchronous
[    3.825850] sd 2:0:0:0: Attached scsi generic sg0 type 0
[    3.830267] sd 2:0:0:0: [sda] 20971520 512-byte logical blocks: (10.7 GB/10.0 GiB)
[    3.831042] sd 2:0:1:0: [sdb] 20480 512-byte logical blocks: (10.5 MB/10.0 MiB)
[    3.831639] sd 2:0:1:0: [sdb] Write Protect is off
[    3.831987] sd 2:0:1:0: [sdb] Incomplete mode parameter data
[    3.831987] sd 2:0:1:0: [sdb] Assuming drive cache: write through
[    3.834198] sd 2:0:1:0: Attached scsi generic sg1 type 0
[    3.857307] sd 2:0:0:0: [sda] Write Protect is off
[    3.860704] sd 2:0:0:0: [sda] Incomplete mode parameter data
[    3.864199] sd 2:0:0:0: [sda] Assuming drive cache: write through
[    3.965347]  sda: sda1
[    3.969077] sd 2:0:1:0: [sdb] Attached SCSI disk
[    3.973484] sd 2:0:0:0: [sda] Attached SCSI disk
Begin: Loading essential drivers ... [    5.447278] md: linear personality registered for level -1
[    5.454884] md: multipath personality registered for level -4
[    5.462361] md: raid0 personality registered for level 0
[    5.475243] md: raid1 personality registered for level 1
[    5.552872] raid6: sse2x1   gen() 15750 MB/s
[    5.620202] raid6: sse2x1   xor() 11948 MB/s
[    5.688446] raid6: sse2x2   gen() 17799 MB/s
[    5.757010] raid6: sse2x2   xor() 13768 MB/s
[    5.824505] raid6: sse2x4   gen() 21188 MB/s
[    5.892629] raid6: sse2x4   xor() 15416 MB/s
[    5.895028] raid6: using algorithm sse2x4 gen() 21188 MB/s
[    5.898631] raid6: .... xor() 15416 MB/s, rmw enabled
[    5.901525] raid6: using ssse3x2 recovery algorithm
[    5.906181] xor: measuring software checksum speed
[   10.707556]    prefetch64-sse: -2117436.-592 MB/sec
[   10.815231]    generic_sse: 67415.000 MB/sec
[   10.819049] xor: using function: generic_sse (67415.000 MB/sec)
[   10.824662] async_tx: api initialized (async)
[   10.854769] md: raid6 personality registered for level 6
[   10.857830] md: raid5 personality registered for level 5
[   10.860878] md: raid4 personality registered for level 4
[   10.876933] md: raid10 personality registered for level 10
done.
Begin: Running /scripts/init-premount ... done.
Begin: Mounting root file system ... Begin: Running /scripts/local-top ... done.
Begin: Running /scripts/local-premount ... [   10.926087] Btrfs loaded
Scanning for Btrfs filesystems
done.
Warning: fsck not present, so skipping root file system
[   11.109863] EXT4-fs (sda1): mounted filesystem with ordered data mode. Opts: (null)
done.
Begin: Running /scripts/local-bottom ... done.
Begin: Running /scripts/init-bottom ... done.
[   11.287857] systemd[1]: systemd 229 running in system mode. (+PAM +AUDIT +SELINUX +IMA +APPARMOR +SMACK +SYSVINIT +UTMP +LIBCRYPTSETUP +GCRYPT +GNUTLS +ACL +XZ -LZ4 +SECCOMP +BLKID +ELFUTILS +KMOD -IDN)
[   11.300347] systemd[1]: Detected virtualization oracle.
[   11.303295] systemd[1]: Detected architecture x86-64.

Welcome to [1mUbuntu 16.04.7 LTS[0m!

[   11.317695] systemd[1]: Set hostname to <ubuntu>.
[   11.331540] systemd[1]: Initializing machine ID from random generator.
[   11.336159] systemd[1]: Installed transient /etc/machine-id file.
[   11.520069] systemd[1]: Reached target System Time Synchronized.
[[0;32m  OK  [0m] Reached target System Time Synchronized.
[   11.529165] systemd[1]: Listening on udev Control Socket.
[[0;32m  OK  [0m] Listening on udev Control Socket.
[   11.536851] systemd[1]: Set up automount Arbitrary Executable File Formats File System Automount Point.
[[0;32m  OK  [0m] Set up automount Arbitrary Executab...ats File System Automount Point.
[   11.547245] systemd[1]: Listening on udev Kernel Socket.
[[0;32m  OK  [0m] Listening on udev Kernel Socket.
[   11.555573] systemd[1]: Started Forward Password Requests to Wall Directory Watch.
[[0;32m  OK  [0m] Started Forward Password Requests to Wall Directory Watch.
[   11.565667] systemd[1]: Reached target Encrypted Volumes.
[[0;32m  OK  [0m] Reached target Encrypted Volumes.
[   11.573249] systemd[1]: Listening on Device-mapper event daemon FIFOs.
[[0;32m  OK  [0m] Listening on Device-mapper event daemon FIFOs.
[   11.581639] systemd[1]: Listening on Journal Socket.
[[0;32m  OK  [0m] Listening on Journal Socket.
[   11.589386] systemd[1]: Listening on LVM2 poll daemon socket.
[[0;32m  OK  [0m] Listening on LVM2 poll daemon socket.
[   11.597377] systemd[1]: Created slice User and Session Slice.
[[0;32m  OK  [0m] Created slice User and Session Slice.
[   11.605189] systemd[1]: Started Trigger resolvconf update for networkd DNS.
[[0;32m  OK  [0m] Started Trigger resolvconf update for networkd DNS.
[   11.614009] systemd[1]: Listening on Syslog Socket.
[[0;32m  OK  [0m] Listening on Syslog Socket.
[   11.621722] systemd[1]: Listening on LVM2 metadata daemon socket.
[[0;32m  OK  [0m] Listening on LVM2 metadata daemon socket.
[   11.629959] systemd[1]: Created slice System Slice.
[[0;32m  OK  [0m] Created slice System Slice.
[   11.656227] systemd[1]: Starting Monitoring of LVM2 mirrors, snapshots etc. using dmeventd or progress polling...
         Starting Monitoring of LVM2 mirrors... dmeventd or progress polling...
[   11.668078] systemd[1]: Starting Remount Root and Kernel File Systems...
         Starting Remount Root and Kernel File Systems...
[   11.677661] systemd[1]: Starting Create list of required static device nodes for the current kernel...
         Starting Create list of required st... nodes for the current kernel...
[   11.690257] systemd[1]: Created slice system-serial\x2dgetty.slice.
[[0;32m  OK  [0m] Created slice system-serial\x2dgetty.slice.
[   11.698991] systemd[1]: Starting Uncomplicated firewall...
         Starting Uncomplicated firewall...
[   11.706447] systemd[1]: Reached target Slices.
[[0;32m  OK  [0m] Reached target Slices.
[   11.713935] systemd[1]: Starting Nameserver information manager...
         Starting Nameserver information manager...
[   11.800631] EXT4-fs (sda1): re-mounted. Opts: (null)
[   11.816447] systemd[1]: Mounting Huge Pages File System...
         Mounting Huge Pages File System...
[   11.823417] systemd[1]: Listening on Journal Audit Socket.
[[0;32m  OK  [0m] Listening on Journal Audit Socket.
[   11.830011] systemd[1]: Starting Set console keymap...
         Starting Set console keymap...
[   11.835900] systemd[1]: Listening on Journal Socket (/dev/log).
[[0;32m  OK  [0m] Listening on Journal Socket (/dev/log).
[   11.843338] systemd[1]: Mounting POSIX Message Queue File System...
         Mounting POSIX Message Queue File System...
[   11.853932] systemd[1]: Reached target Swap.
[[0;32m  OK  [0m] Reached target Swap.
[   11.858572] systemd[1]: Listening on /dev/initctl Compatibility Named Pipe.
[[0;32m  OK  [0m] Listening on /dev/initctl Compatibility Named Pipe.
[   11.867092] systemd[1]: Starting Load Kernel Modules...
         Starting Load Kernel Modules...
[   11.875292] systemd[1]: Starting Journal Service...
         Starting Journal Service...
[   11.883449] systemd[1]: Reached target User and Group Name Lookups.
[[0;32m  OK  [0m] Reached target User and Group Name Lookups.
[   11.891853] systemd[1]: Mounting Debug File System...
[   11.892999] Loading iSCSI transport class v2.0-870.
         Mounting Debug File System...
[   11.904224] systemd[1]: Mounted Huge Pages File System.
[[0;32m  OK  [0m] Mounted Huge Pages File System.
[   11.909478] systemd[1]: Mounted Debug File System.
[[0;32m  OK  [0m] Mounted Debug File System.
[   11.916928] systemd[1]: Mounted POSIX Message Queue File System.
[[0;32m  OK  [0m] Mounted POSIX Message Queue File System.
[   11.926539] systemd[1]: Started Remount Root and Kernel File Systems.
[[0;32m  OK  [0m] Started Remount Root and Kernel File Systems.
[   11.935043] iscsi: registered transport (tcp)
[   11.938525] systemd[1]: Started Create list of required static device nodes for the current kernel.
[[0;32m  OK  [0m] Started Create list of required sta...ce nodes for the current kernel.
[   11.947757] systemd[1]: Started Uncomplicated firewall.
[[0;32m  OK  [0m] Started Uncomplicated firewall.
[   11.973144] systemd[1]: Started Set console keymap.
[[0;32m  OK  [0m] Started Set console keymap.
[   11.982069] systemd[1]: Started Nameserver information manager.
[[0;32m  OK  [0m] Started Nameserver information manager.
[   11.998478] systemd[1]: Started Journal Service.
[[0;32m  OK  [0m] Started Journal Service.
[   12.018291] iscsi: registered transport (iser)
[[0;32m  OK  [0m] Started LVM2 metadata daemon.
         Starting Create Static Device Nodes in /dev...
         Starting Flush Journal to Persistent Storage...
         Starting Load/Save Random Seed...
         Starting udev Coldplug all Devices...
[[0;32m  OK  [0m] Started Load Kernel Modules.
[[0;32m  OK  [0m] Started Load/Save Random Seed.
         Starting Apply Kernel Variables...
         Mounting FUSE Control File System...
[[0;32m  OK  [0m] Mounted FUSE Control File System.
[[0;32m  OK  [0m] Started Create Static Device Nodes in /dev.
[[0;32m  OK  [0m] Started Apply Kernel Variables.
         Starting udev Kernel Device Manager...
[[0;32m  OK  [0m] Started Flush Journal to Persistent Storage.
[[0;32m  OK  [0m] Started udev Coldplug all Devices.
[[0;32m  OK  [0m] Started Monitoring of LVM2 mirrors,...ng dmeventd or progress polling.
[[0;32m  OK  [0m] Reached target Local File Systems (Pre).
[[0;32m  OK  [0m] Reached target Local File Systems.
         Starting LSB: AppArmor initialization...
         Starting Commit a transient machine-id on disk...
         Starting Tell Plymouth To Write Out Runtime Data...
         Starting Initial cloud-init job (pre-networking)...
         Starting Set console font and keymap...
         Starting Create Volatile Files and Directories...
[[0;32m  OK  [0m] Started udev Kernel Device Manager.
[[0;32m  OK  [0m] Started Commit a transient machine-id on disk.
[[0;32m  OK  [0m] Started Tell Plymouth To Write Out Runtime Data.
[[0;32m  OK  [0m] Started Create Volatile Files and Directories.
         Starting Update UTMP about System Boot/Shutdown...
[[0;32m  OK  [0m] Started Dispatch Password Requests to Console Directory Watch.
[[0;32m  OK  [0m] Started Update UTMP about System Boot/Shutdown.
[[0;32m  OK  [0m] Found device /dev/ttyS0.
[[0;32m  OK  [0m] Listening on Load/Save RF Kill Switch Status /dev/rfkill Watch.
[[0;32m  OK  [0m] Started LSB: AppArmor initialization.
         Starting Load AppArmor profiles managed internally by snapd...
[   13.887388] cloud-init[477]: Cloud-init v. 20.3-2-g371b392c-0ubuntu1~16.04.1 running 'init-local' at Tue, 24 Nov 2020 09:05:36 +0000. Up 13.43 seconds.
[[0;32m  OK  [0m] Started Load AppArmor profiles managed internally by snapd.
[[0;32m  OK  [0m] Started Initial cloud-init job (pre-networking).
[[0;32m  OK  [0m] Reached target Network (Pre).
         Starting Raise network interfaces...
[[0;32m  OK  [0m] Started Set console font and keymap.
[[0;32m  OK  [0m] Created slice system-getty.slice.
[[0;32m  OK  [0m] Started Raise network interfaces.
         Starting Initial cloud-init job (metadata service crawler)...
[[0;32m  OK  [0m] Reached target Network.
[   15.424387] cloud-init[926]: Cloud-init v. 20.3-2-g371b392c-0ubuntu1~16.04.1 running 'init' at Tue, 24 Nov 2020 09:05:37 +0000. Up 14.72 seconds.
[   15.428774] cloud-init[926]: ci-info: ++++++++++++++++++++++++++++++++++++++Net device info++++++++++++++++++++++++++++++++++++++
[   15.433027] cloud-init[926]: ci-info: +--------+------+----------------------------+---------------+--------+-------------------+
[   15.436965] cloud-init[926]: ci-info: | Device |  Up  |          Address           |      Mask     | Scope  |     Hw-Address    |
[   15.440989] cloud-init[926]: ci-info: +--------+------+----------------------------+---------------+--------+-------------------+
[   15.444940] cloud-init[926]: ci-info: | enp0s3 | True |         10.0.2.15          | 255.255.255.0 | global | 02:e0:65:d0:24:0e |
[   15.449431] cloud-init[926]: ci-info: | enp0s3 | True | fe80::e0:65ff:fed0:240e/64 |       .       |  link  | 02:e0:65:d0:24:0e |
[   15.453703] cloud-init[926]: ci-info: |   lo   | True |         127.0.0.1          |   255.0.0.0   |  host  |         .         |
[   15.457700] cloud-init[926]: ci-info: |   lo   | True |          ::1/128           |       .       |  host  |         .         |
[   15.461759] cloud-init[926]: ci-info: +--------+------+----------------------------+---------------+--------+-------------------+
[   15.465795] cloud-init[926]: ci-info: +++++++++++++++++++++++++++Route IPv4 info++++++++++++++++++++++++++++
[   15.469252] cloud-init[926]: ci-info: +-------+-------------+----------+---------------+-----------+-------+
[   15.472704] cloud-init[926]: ci-info: | Route | Destination | Gateway  |    Genmask    | Interface | Flags |
[   15.476315] cloud-init[926]: ci-info: +-------+-------------+----------+---------------+-----------+-------+
[   15.480631] cloud-init[926]: ci-info: |   0   |   0.0.0.0   | 10.0.2.2 |    0.0.0.0    |   enp0s3  |   UG  |
[   15.484793] cloud-init[926]: ci-info: |   1   |   10.0.2.0  | 0.0.0.0  | 255.255.255.0 |   enp0s3  |   U   |
[   15.488512] cloud-init[926]: ci-info: +-------+-------------+----------+---------------+-----------+-------+
[   15.492009] cloud-init[926]: ci-info: +++++++++++++++++++Route IPv6 info+++++++++++++++++++
[   15.495237] cloud-init[926]: ci-info: +-------+-------------+---------+-----------+-------+
[   15.498336] cloud-init[926]: ci-info: | Route | Destination | Gateway | Interface | Flags |
[   15.501455] cloud-init[926]: ci-info: +-------+-------------+---------+-----------+-------+
[   15.508771] [[0;32m  OK  [0m] Started Initial cloud-init job (metadata service crawler).
[[0;32m  OK  [0m] Reached target Network is Online.
cloud-init[926]: ci-info: |   0   |  fe80::/64  |    ::   |   enp0s3  |   U   |
[   15.516896] cloud-init[926]: ci-info: |   3   |   ff00::/8  |    ::   |   enp0s3  |   U   |
[   15.521904] cloud-init[926]:          Starting iSCSI initiator daemon (iscsid)...
[[0;32m  OK  [0m] Reached target Cloud-config availability.
[[0;32m  OK  [0m] Reached target System Initialization.
[[0;32m  OK  [0m] Listening on UUID daemon activation socket.
[[0;32m  OK  [0m] Started Daily apt download activities.
[[0;32m  OK  [0m] Started Message of the Day.
[[0;32m  OK  [0m] Started Daily apt upgrade and clean activities.
[[0;32m  OK  [0m] Listening on ACPID Listen Socket.
         Starting Socket activation for snappy daemon.
[[0;32m  OK  [0m] Listening on D-Bus System Message Bus Socket.
[[0;32m  OK  [0m] Started Daily Cleanup of Temporary Directories.
[[0;32m  OK  [0m] Reached target Timers.
ci-info: +-------+-------------+---------+-----------+-------+
[   15.540945] cloud-init[926]: Generating public/private rsa key pair.
[   15.545466] cloud-init[926]: Your identification has been saved in /etc/ssh/ssh_host_rsa_key.
[   15.550886] cloud-init[926]: Your public key has been saved in /etc/ssh/ssh_host_rsa_key.pub.
[   15.555925] cloud-init[926]: The key fingerprint is:
[   15.560264] cloud-init[926]: SHA256:F5uVS8xbWLlT1zEjCWxXozGeMnkQwhRT9+b0ZYJgIsU root@ubuntu-xenial
[   15.565442] cloud-init[926]: The key's randomart image is:
[   15.569696] cloud-init[926]: +---[RSA 2048]----+
[   15.573864] cloud-init[926]: |      .o==*=o=+Bo|
[   15.577935] cloud-init[926]: |       .E+o*=BO B|
[   15.582364] cloud-init[926]: |          o+X=o*+|
[   15.586665] cloud-init[926]: |           *++*oo|
[   15.590806] cloud-init[926]: |        S + o  o.|
[   15.594914] cloud-init[926]: |         .       |
[   15.599110] cloud-init[926]: |                 |
[   15.603206] cloud-init[926]: |                 |
[   15.607385] cloud-init[926]: |                 |
[   15.611478] cloud-init[926]: +----[SHA256]-----+
[   15.616004] cloud-init[926]: Generating public/private dsa key pair.
[   15.620797] cloud-init[926]: Your identification has been saved in /etc/ssh/ssh_host_dsa_key.
[   15.626034] cloud-init[926]: Your public key has been saved in /etc/ssh/ssh_host_dsa_key.pub.
[   15.631161] cloud-init[926]: The key fingerprint is:
[   15.635405] cloud-init[926]: SHA256:Fe+XOwevgg+A0yPZfqd+zpl9tO+6kNHGd+TP7tMllDU root@ubuntu-xenial
[   15.640601] cloud-init[926]: The key's randomart image is:
[   15.644957] cloud-init[926]: +---[DSA 1024]----+
[   15.649324] cloud-init[926]: |          .      |
[   15.653602] cloud-init[926]: |           o   E.|
[   15.657706] cloud-init[926]: |          . .  oo|
[   15.661968] cloud-init[926]: [[0;32m  OK  [0m] Started ACPI Events Check.
[[0;32m  OK  [0m] Reached target Paths.
|       = . . oo+ |         Starting LXD - unix socket.
[[0;32m  OK  [0m] Listening on Socket activation for snappy daemon.
[[0;32m  OK  [0m] Listening on LXD - unix socket.
[[0;32m  OK  [0m] Reached target Sockets.
[[0;32m  OK  [0m] Reached target Basic System.

[   15.674995] cloud-init[926]: |      = S   o.B +|
[   15.679666] cloud-init[926]: |       + o   =.*=|
[   15.684708] cloud-init[926]: |        . o.+ ooO|
[   15.688904] cloud-init[926]: |         ..=o= Bo|
[[0;32m  OK  [0m] Started FUSE filesystem for LXC.
[   15.694419] cloud-init[926]: |         .o+*.=*B|[[0;32m  OK  [0m] Started D-Bus System Message Bus.

[   15.701752] cloud-init[926]: +----[SHA256]-----+
[   15.707599] cloud-init[926]: Generating public/private ecdsa key pair.
[   15.715851] cloud-init[926]: Your identification has been saved in /etc/ssh/ssh_host_ecdsa_key.
[   15.724552] cloud-init[926]: Your public key has been saved in /etc/ssh/ssh_host_ecdsa_key.pub.
[   15.731584] cloud-init[926]: The key fingerprint is:
[   15.738321] cloud-init[926]: SHA256:uQHVogrzFevB37sD3riQY8J2GfFHE1+LKsKFF86oMno root@ubuntu-xenial
[   15.744470] cloud-init[926]: The key's randomart image is:
[   15.749284] cloud-init[926]: +---[ECDSA 256]---+
[   15.753620] cloud-init[926]: |        o..   .  |
[   15.757799] cloud-init[926]:          Starting LSB: Record successful boot for GRUB...
         Starting System Logging Service...
         Starting /etc/rc.local Compatibility...
         Starting LXD - container startup/shutdown...
[[0;32m  OK  [0m] Started Deferred execution scheduler.
         Starting LSB: MD monitoring daemon...
         Starting Accounts Service...
|      .*...o o . |[[0;32m  OK  [0m] Started ACPI event daemon.

[[0;32m  OK  [0m] Started Regular background program processing daemon.
[   15.789157] cloud-init[926]: |     .=+=.o o .  |
[   15.795946] cloud-init[926]: |  o  o** o o     |
[   15.804276]          Starting Pollinate to seed the pseudo random number generator...
         Starting Virtualbox guest utils...
cloud-init         Starting Snap Daemon...
         Starting Login Service...
[[0;32m  OK  [0m] Started /etc/rc.local Compatibility.
[926]: |  o+.++oS.o      |
[   15.834906] [[0;32m  OK  [0m] Started iSCSI initiator daemon (iscsid).
         Starting Login to default iSCSI targets...
[[0;32m  OK  [0m] Started System Logging Service.
cloud-init[926]: | . +o .=o=.      |
[   15.858945] cloud-init[926]: |. E + B..+ .     |
[   15.862062] cloud-init[926]: | . . + oo +      |
[   15.867347] cloud-init[926]: |        ...o     |
[   15.881074] cloud-init[926]: +----[SHA256]-----+
[   15.886396] cloud-init[926]: Generating public/private ed25519 key pair.
[[0;32m  OK  [0m] Started LSB: Record successful boot for GRUB.
[[0;32m  OK  [0m] Started Login to default iSCSI targets.
[[0;32m  OK  [0m] Reached target Remote File Systems (Pre).
[[0;32m  OK  [0m] Reached target Remote File Systems.
         Starting LSB: Set the CPU Frequency Scaling governor to "ondemand"...
         Starting Permit User Sessions...
         Starting LSB: daemon to balance interrupts for SMP systems...
         Starting LSB: automatic crash report generation...
[   15.896744] cloud-init[926]: Your identification has been saved in /etc/ssh/ssh_host_ed25519_key.
[[0;32m  OK  [0m] Started Login Service.
[[0;32m  OK  [0m] Started Permit User Sessions.
[   15.953900] cloud-init[926]: Your public key has been saved in /etc/ssh/ssh_host_ed25519_key.pub.
[   15.965619] cloud-init[926]: The key fingerprint is:
         Starting Terminate Plymouth Boot Screen...
         Starting Hold until boot process finishes up...
[[0;32m  OK  [0m] Started Unattended Upgrades Shutdown.
[   15.975050] cloud-init[926]: SHA256:kenea+49fHJZUqmb4n0QND+fTuGRmyKot0V8OIy4WmM root@ubuntu-xenial
[[0;32m  OK  [0m] Started LSB: MD monitoring daemon.
[   15.991209] cloud-init[926]: The key's randomart image is:
[   16.006571] cloud-init[926]: +--[ED25519 256]--+
[   16.011034] cloud-init[926]: |                 |
[[0;32m  OK  [0m] Started Hold until boot process finishes up.
[   16.019335] cloud-init[926]: |         o   o   |
[[0;32m  OK  [0m] Started Terminate Plymouth Boot Screen.
[[0;32m  OK  [0m] Started Getty on tty1.
         Starting Set console scheme...
[[0;32m  OK  [0m] Started Serial Getty on ttyS0.
[[0;32m  OK  [0m] Reached target Login Prompts.
[[0;32m  OK  [0m] Started Set console scheme.
[[0;32m  OK  [0m] Started LSB: daemon to balance interrupts for SMP systems.
[   16.038623] cloud-init[926]: |        +   . o o|
[   16.124557] cloud-init[926]: |       ...+ .. B.|
[[0;32m  OK  [0m] Started LSB: Set the CPU Frequency Scaling governor to "ondemand".
[   16.128244] cloud-init[926]: |       .S..* .+.O|
[   16.137755] cloud-init[926]: |       ..o..o+.*o|
[   16.154764] cloud-init[926]: |       Eo .o. B+ |
[   16.165722] cloud-init[926]: |      +...o+=o+o |
         Starting Authenticate and Authorize Users to Run Privileged Tasks...
[[0;32m  OK  [0m] Started LSB: automatic crash report generation.
[   16.179923] cloud-init[926]: |     .  .=*.o*.  |
[   16.201537] cloud-init[926]: +----[SHA256]-----+
[[0;32m  OK  [0m] Started LXD - container startup/shutdown.
[[0;32m  OK  [0m] Started Authenticate and Authorize Users to Run Privileged Tasks.
[[0;32m  OK  [0m] Started Accounts Service.
[[0;32m  OK  [0m] Started Virtualbox guest utils.
[[0;32m  OK  [0m] Started Pollinate to seed the pseudo random number generator.
         Starting OpenBSD Secure Shell server...
[[0;32m  OK  [0m] Started OpenBSD Secure Shell server.
[[0;32m  OK  [0m] Started Snap Daemon.
         Starting Wait until snapd is fully seeded...
[[0;32m  OK  [0m] Created slice User Slice of vagrant.
         Starting User Manager for UID 1000...
[[0;32m  OK  [0m] Started Session 1 of user vagrant.
[[0;32m  OK  [0m] Started User Manager for UID 1000.
[[0;32m  OK  [0m] Started Wait until snapd is fully seeded.
[[0;32m  OK  [0m] Reached target Multi-User System.
[[0;32m  OK  [0m] Reached target Graphical Interface.
         Starting Update UTMP about System Runlevel Changes...
         Starting Apply the settings specified in cloud-config...
[[0;32m  OK  [0m] Started Update UTMP about System Runlevel Changes.
[   18.576090] cloud-init[1350]: Generating locales (this might take a while)...
[   19.768796] cloud-init[1350]:   en_US.UTF-8... done
[   19.771861] cloud-init[1350]: Generation complete.
[   20.090431] cloud-init[1350]: Cloud-init v. 20.3-2-g371b392c-0ubuntu1~16.04.1 running 'modules:config' at Tue, 24 Nov 2020 09:05:41 +0000. Up 18.46 seconds.
[[0;32m  OK  [0m] Started Apply the settings specified in cloud-config.
         Starting Execute cloud user/final scripts...
ci-info: no authorized SSH keys fingerprints found for user ubuntu.
<14>Nov 24 09:05:43 ec2: 
<14>Nov 24 09:05:43 ec2: #############################################################
<14>Nov 24 09:05:43 ec2: -----BEGIN SSH HOST KEY FINGERPRINTS-----
<14>Nov 24 09:05:43 ec2: 1024 SHA256:Fe+XOwevgg+A0yPZfqd+zpl9tO+6kNHGd+TP7tMllDU root@ubuntu-xenial (DSA)
<14>Nov 24 09:05:43 ec2: 256 SHA256:uQHVogrzFevB37sD3riQY8J2GfFHE1+LKsKFF86oMno root@ubuntu-xenial (ECDSA)
<14>Nov 24 09:05:43 ec2: 256 SHA256:kenea+49fHJZUqmb4n0QND+fTuGRmyKot0V8OIy4WmM root@ubuntu-xenial (ED25519)
<14>Nov 24 09:05:43 ec2: 2048 SHA256:F5uVS8xbWLlT1zEjCWxXozGeMnkQwhRT9+b0ZYJgIsU root@ubuntu-xenial (RSA)
<14>Nov 24 09:05:43 ec2: -----END SSH HOST KEY FINGERPRINTS-----
<14>Nov 24 09:05:43 ec2: #############################################################
-----BEGIN SSH HOST KEY KEYS-----
ecdsa-sha2-nistp256 AAAAE2VjZHNhLXNoYTItbmlzdHAyNTYAAAAIbmlzdHAyNTYAAABBBAmA+ybCBEb+ptTWnxPgh055/fkBOQMKjiSuSgsHqfEa1Nz9lFeO8iHvBlJfmeYViyDpqekuX/Ey1NiHuC/ThO0= root@ubuntu-xenial
ssh-ed25519 AAAAC3NzaC1lZDI1NTE5AAAAIOI9c0HObZzJmBRF6RW6qmdeeIKLcYn9VGgp7ryqOaUe root@ubuntu-xenial
ssh-rsa AAAAB3NzaC1yc2EAAAADAQABAAABAQDJF1L72lDzMPzmecd0BZWJPfS6n1eeuC+zxpIb9PRqF9oUf3k/MGhTlJbqBDbRWV1Mm7HYiO7DhDRcD3wvCNYREFS72V6wZh8cjXox8l2RWnQ7M2LuJft5Nt+9o3slp1Kz7i0UKhogyIpy6X+3+PjJ7wFctUwAhMyKRU3OpwA5E9VhsDTjF2tNlILV0gp5UXcTSudnk/ZHa3T8V4QrzSmZGIBE4mwCYl2ZwfRdbeWNkyS9yXBDNcP1HGBa2RAcfXM74+XU5sMpdujLE7wX94oz91Ud0GVaH3nHZnk2W/t1NDKxiuKpFRD2K5usfe9Lg6ZMACx0CwVPiCWAbB0gyjpp root@ubuntu-xenial
-----END SSH HOST KEY KEYS-----
[   20.502170] cloud-init[1520]: Cloud-init v. 20.3-2-g371b392c-0ubuntu1~16.04.1 running 'modules:final' at Tue, 24 Nov 2020 09:05:43 +0000. Up 20.31 seconds.
[   20.506741] cloud-init[1520]: ci-info: no authorized SSH keys fingerprints found for user ubuntu.
[   20.510207] cloud-init[1520]: Cloud-init v. 20.3-2-g371b392c-0ubuntu1~16.04.1 finished at Tue, 24 Nov 2020 09:05:43 +0000. Datasource DataSourceNoCloud [seed=/dev/sdb][dsmode=net].  Up 20.49 seconds
[[0;32m  OK  [0m] Started Execute cloud user/final scripts.
[[0;32m  OK  [0m] Reached target Cloud-init target.

Ubuntu 16.04.7 LTS ubuntu-xenial ttyS0

ubuntu-xenial login: 